{"numFailedTestSuites":1,"numFailedTests":1,"numPassedTestSuites":0,"numPassedTests":7,"numPendingTestSuites":0,"numPendingTests":0,"numRuntimeErrorTestSuites":0,"numTodoTests":0,"numTotalTestSuites":1,"numTotalTests":8,"openHandles":[],"snapshot":{"added":0,"didUpdate":false,"failure":false,"filesAdded":0,"filesRemoved":0,"filesRemovedList":[],"filesUnmatched":0,"filesUpdated":0,"matched":0,"total":0,"unchecked":0,"uncheckedKeysByFile":[],"unmatched":0,"updated":0},"startTime":1772637501115,"success":false,"testResults":[{"assertionResults":[{"ancestorTitles":["HybridExecutor Unit Tests","checkExitConditions (Logic Tests)"],"duration":3,"failing":false,"failureDetails":[],"failureMessages":[],"fullName":"HybridExecutor Unit Tests checkExitConditions (Logic Tests) deve manter posição se lucro não atingiu limite","invocations":1,"location":null,"numPassingAsserts":1,"retryReasons":[],"startAt":1772637506262,"status":"passed","title":"deve manter posição se lucro não atingiu limite"},{"ancestorTitles":["HybridExecutor Unit Tests","checkExitConditions (Logic Tests)"],"duration":1,"failing":false,"failureDetails":[],"failureMessages":[],"fullName":"HybridExecutor Unit Tests checkExitConditions (Logic Tests) deve acionar Take Profit","invocations":1,"location":null,"numPassingAsserts":2,"retryReasons":[],"startAt":1772637506267,"status":"passed","title":"deve acionar Take Profit"},{"ancestorTitles":["HybridExecutor Unit Tests","checkExitConditions (Logic Tests)"],"duration":0,"failing":false,"failureDetails":[],"failureMessages":[],"fullName":"HybridExecutor Unit Tests checkExitConditions (Logic Tests) deve acionar Stop Loss tradicional","invocations":1,"location":null,"numPassingAsserts":2,"retryReasons":[],"startAt":1772637506269,"status":"passed","title":"deve acionar Stop Loss tradicional"},{"ancestorTitles":["HybridExecutor Unit Tests","checkExitConditions (Logic Tests)"],"duration":0,"failing":false,"failureDetails":[],"failureMessages":[],"fullName":"HybridExecutor Unit Tests checkExitConditions (Logic Tests) deve acionar Trailing Stop Loss","invocations":1,"location":null,"numPassingAsserts":3,"retryReasons":[],"startAt":1772637506270,"status":"passed","title":"deve acionar Trailing Stop Loss"},{"ancestorTitles":["HybridExecutor Unit Tests","checkExitConditions (Logic Tests)"],"duration":1,"failing":false,"failureDetails":[],"failureMessages":[],"fullName":"HybridExecutor Unit Tests checkExitConditions (Logic Tests) deve acionar Whale Dump Exit","invocations":1,"location":null,"numPassingAsserts":2,"retryReasons":[],"startAt":1772637506271,"status":"passed","title":"deve acionar Whale Dump Exit"},{"ancestorTitles":["HybridExecutor Unit Tests","Execution Tests (Mocks)"],"duration":95,"failing":false,"failureDetails":[{"matcherResult":{"message":"\u001b[2mexpect(\u001b[22m\u001b[31mreceived\u001b[39m\u001b[2m).\u001b[22mnot\u001b[2m.\u001b[22mtoContain\u001b[2m(\u001b[22m\u001b[32mexpected\u001b[39m\u001b[2m) // indexOf\u001b[22m\n\nExpected substring: not \u001b[32m\"Non-base58 character\"\u001b[39m\nReceived string:        \u001b[31m\"\u001b[7mNon-base58 character\u001b[27m\"\u001b[39m","pass":true}}],"failureMessages":["Error: \u001b[2mexpect(\u001b[22m\u001b[31mreceived\u001b[39m\u001b[2m).\u001b[22mnot\u001b[2m.\u001b[22mtoContain\u001b[2m(\u001b[22m\u001b[32mexpected\u001b[39m\u001b[2m) // indexOf\u001b[22m\n\nExpected substring: not \u001b[32m\"Non-base58 character\"\u001b[39m\nReceived string:        \u001b[31m\"\u001b[7mNon-base58 character\u001b[27m\"\u001b[39m\n    at Object.<anonymous> (/home/srant/projects/pumpfun-bonding-curve-Test/test/unit/hybridExecutor.test.ts:120:63)\n    at processTicksAndRejections (node:internal/process/task_queues:95:5)"],"fullName":"HybridExecutor Unit Tests Execution Tests (Mocks) buyOnPumpFun deve tentar Jito e retornar assinatura","invocations":1,"location":null,"numPassingAsserts":0,"retryReasons":[],"startAt":1772637506272,"status":"failed","title":"buyOnPumpFun deve tentar Jito e retornar assinatura"},{"ancestorTitles":["HybridExecutor Unit Tests","Execution Tests (Mocks)"],"duration":16,"failing":false,"failureDetails":[],"failureMessages":[],"fullName":"HybridExecutor Unit Tests Execution Tests (Mocks) sellViaJupiter deve obter cotação e instruções","invocations":1,"location":null,"numPassingAsserts":1,"retryReasons":[],"startAt":1772637506368,"status":"passed","title":"sellViaJupiter deve obter cotação e instruções"},{"ancestorTitles":["HybridExecutor Unit Tests","Execution Tests (Mocks)"],"duration":0,"failing":false,"failureDetails":[],"failureMessages":[],"fullName":"HybridExecutor Unit Tests Execution Tests (Mocks) deve aplicar slippage adaptativo do cache","invocations":1,"location":null,"numPassingAsserts":1,"retryReasons":[],"startAt":1772637506385,"status":"passed","title":"deve aplicar slippage adaptativo do cache"}],"endTime":1772637506402,"message":"\u001b[1m\u001b[31m  \u001b[1m● \u001b[22m\u001b[1mHybridExecutor Unit Tests › Execution Tests (Mocks) › buyOnPumpFun deve tentar Jito e retornar assinatura\u001b[39m\u001b[22m\n\n    \u001b[2mexpect(\u001b[22m\u001b[31mreceived\u001b[39m\u001b[2m).\u001b[22mnot\u001b[2m.\u001b[22mtoContain\u001b[2m(\u001b[22m\u001b[32mexpected\u001b[39m\u001b[2m) // indexOf\u001b[22m\n\n    Expected substring: not \u001b[32m\"Non-base58 character\"\u001b[39m\n    Received string:        \u001b[31m\"\u001b[7mNon-base58 character\u001b[27m\"\u001b[39m\n\u001b[2m\u001b[22m\n\u001b[2m    \u001b[0m \u001b[90m 118 |\u001b[39m             } \u001b[36mcatch\u001b[39m (e) {\u001b[22m\n\u001b[2m     \u001b[90m 119 |\u001b[39m                 \u001b[90m// If it fails with non-base58, it's likely something in PDA calculation\u001b[39m\u001b[22m\n\u001b[2m    \u001b[31m\u001b[1m>\u001b[22m\u001b[2m\u001b[39m\u001b[90m 120 |\u001b[39m                 \u001b[36mif\u001b[39m (e \u001b[36minstanceof\u001b[39m \u001b[33mError\u001b[39m) expect(e\u001b[33m.\u001b[39mmessage)\u001b[33m.\u001b[39mnot\u001b[33m.\u001b[39mtoContain(\u001b[32m'Non-base58 character'\u001b[39m)\u001b[33m;\u001b[39m\u001b[22m\n\u001b[2m     \u001b[90m     |\u001b[39m                                                               \u001b[31m\u001b[1m^\u001b[22m\u001b[2m\u001b[39m\u001b[22m\n\u001b[2m     \u001b[90m 121 |\u001b[39m             }\u001b[22m\n\u001b[2m     \u001b[90m 122 |\u001b[39m         })\u001b[33m;\u001b[39m\u001b[22m\n\u001b[2m     \u001b[90m 123 |\u001b[39m\u001b[0m\u001b[22m\n\u001b[2m\u001b[22m\n\u001b[2m      \u001b[2mat Object.<anonymous> (\u001b[22m\u001b[2m\u001b[0m\u001b[36mtest/unit/hybridExecutor.test.ts\u001b[39m\u001b[0m\u001b[2m:120:63)\u001b[22m\u001b[2m\u001b[22m\n","name":"/home/srant/projects/pumpfun-bonding-curve-Test/test/unit/hybridExecutor.test.ts","startTime":1772637501341,"status":"failed","summary":""}],"wasInterrupted":false}
